Information: Building the design 'chip_io'. (HDL-193)
Warning: Cannot find the design 'chip_io' in the library 'WORK'. (LBR-1)
Warning: Unable to resolve reference 'chip_io' in 'vsdcaravel'. (LINK-5)
Information: Updating design information... (UID-85)
Information: Timing loop detected. (OPT-150)
	chip_core/housekeeping/U223/I chip_core/housekeeping/U223/Z chip_core/housekeeping/U194/I chip_core/housekeeping/U194/Z chip_core/housekeeping/wbbd_sck_reg/CP chip_core/housekeeping/wbbd_sck_reg/QN chip_core/housekeeping/U3071/I chip_core/housekeeping/U3071/ZN chip_core/housekeeping/U3066/I0 chip_core/housekeeping/U3066/Z chip_core/housekeeping/U236/I chip_core/housekeeping/U236/Z chip_core/housekeeping/U233/I chip_core/housekeeping/U233/Z chip_core/housekeeping/U220/I chip_core/housekeeping/U220/Z chip_core/housekeeping/U184/I chip_core/housekeeping/U184/Z chip_core/housekeeping/pll_ena_reg/CP chip_core/housekeeping/pll_ena_reg/Q chip_core/pll/U29/A2 chip_core/pll/U29/ZN chip_core/pll/ringosc/iss/U4/I chip_core/pll/ringosc/iss/U4/ZN chip_core/pll/ringosc/iss/reseten0/EN chip_core/pll/ringosc/iss/reseten0/ZN chip_core/pll/pll_control/tval_reg[6]/CP chip_core/pll/pll_control/tval_reg[6]/Q chip_core/pll/pll_control/U122/I chip_core/pll/pll_control/U122/ZN chip_core/pll/pll_control/U29/A chip_core/pll/pll_control/U29/ZN chip_core/pll/pll_control/U28/A chip_core/pll/pll_control/U28/ZN chip_core/pll/pll_control/U27/A chip_core/pll/pll_control/U27/ZN chip_core/pll/pll_control/U26/A1 chip_core/pll/pll_control/U26/ZN chip_core/pll/pll_control/U25/A chip_core/pll/pll_control/U25/ZN chip_core/pll/pll_control/U22/A1 chip_core/pll/pll_control/U22/ZN chip_core/pll/pll_control/U21/A chip_core/pll/pll_control/U21/ZN chip_core/pll/pll_control/U7/I chip_core/pll/pll_control/U7/ZN chip_core/pll/U7/I0 chip_core/pll/U7/Z chip_core/pll/ringosc/dstage[5].id/U1/I chip_core/pll/ringosc/dstage[5].id/U1/ZN chip_core/pll/ringosc/dstage[5].id/delayen0/EN chip_core/pll/ringosc/dstage[5].id/delayen0/ZN chip_core/clock_ctrl/ext_clk_syncd_reg/CP chip_core/clock_ctrl/ext_clk_syncd_reg/Q chip_core/clock_ctrl/U9/I1 chip_core/clock_ctrl/U9/Z chip_core/clock_ctrl/U8/I0 chip_core/clock_ctrl/U8/Z chip_core/U1/I chip_core/U1/Z 
Information: Timing loop detected. (OPT-150)
	chip_core/housekeeping/U186/I chip_core/housekeeping/U186/Z chip_core/housekeeping/gpio_configure_reg[3][3]/CP chip_core/housekeeping/gpio_configure_reg[3][3]/Q chip_core/housekeeping/U3072/A1 chip_core/housekeeping/U3072/ZN chip_core/housekeeping/U3068/A1 chip_core/housekeeping/U3068/ZN chip_core/housekeeping/U3067/A2 chip_core/housekeeping/U3067/ZN chip_core/housekeeping/U3066/I1 chip_core/housekeeping/U3066/Z chip_core/housekeeping/U236/I chip_core/housekeeping/U236/Z chip_core/housekeeping/U233/I chip_core/housekeeping/U233/Z chip_core/housekeeping/U220/I chip_core/housekeeping/U220/Z 
Warning: Disabling timing arc between pins 'CP' and 'Q' on cell 'chip_core/pll/pll_control/tval_reg[6]'
         to break a timing loop. (OPT-314)
Warning: Disabling timing arc between pins 'CP' and 'Q' on cell 'chip_core/housekeeping/gpio_configure_reg[3][3]'
         to break a timing loop. (OPT-314)
Warning: Disabling timing arc between pins 'CP' and 'Q' on cell 'chip_core/housekeeping/hkspi_disable_reg'
         to break a timing loop. (OPT-314)
Warning: Disabling timing arc between pins 'CP' and 'Q' on cell 'chip_core/pll/pll_control/tval_reg[4]'
         to break a timing loop. (OPT-314)
Warning: Disabling timing arc between pins 'CP' and 'Q' on cell 'chip_core/pll/pll_control/tval_reg[3]'
         to break a timing loop. (OPT-314)
Warning: Disabling timing arc between pins 'CP' and 'Q' on cell 'chip_core/pll/pll_control/tval_reg[2]'
         to break a timing loop. (OPT-314)
Warning: Disabling timing arc between pins 'CP' and 'Q' on cell 'chip_core/pll/pll_control/tval_reg[5]'
         to break a timing loop. (OPT-314)
Warning: Disabling timing arc between pins 'I' and 'ZN' on cell 'chip_core/pll/ringosc/dstage[0].id/delayenb1'
         to break a timing loop. (OPT-314)
Warning: Disabling timing arc between pins 'I' and 'ZN' on cell 'chip_core/pll/ringosc/dstage[0].id/delayen1'
         to break a timing loop. (OPT-314)
Warning: Disabling timing arc between pins 'I' and 'ZN' on cell 'chip_core/pll/ringosc/dstage[0].id/delayenb0'
         to break a timing loop. (OPT-314)
Warning: Disabling timing arc between pins 'CP' and 'Q' on cell 'chip_core/clock_ctrl/divider/syncN_reg[1]'
         to break a timing loop. (OPT-314)
Warning: Disabling timing arc between pins 'CP' and 'QN' on cell 'chip_core/clock_ctrl/divider/syncN_reg[1]'
         to break a timing loop. (OPT-314)
Warning: Disabling timing arc between pins 'CP' and 'Q' on cell 'chip_core/clock_ctrl/divider/syncN_reg[2]'
         to break a timing loop. (OPT-314)
Warning: Disabling timing arc between pins 'CP' and 'Q' on cell 'chip_core/clock_ctrl/divider/syncN_reg[0]'
         to break a timing loop. (OPT-314)
Warning: Disabling timing arc between pins 'CP' and 'QN' on cell 'chip_core/housekeeping/wbbd_sck_reg'
         to break a timing loop. (OPT-314)
Warning: Disabling timing arc between pins 'CP' and 'QN' on cell 'chip_core/housekeeping/wbbd_busy_reg'
         to break a timing loop. (OPT-314)
Warning: Disabling timing arc between pins 'CP' and 'Q' on cell 'chip_core/clock_ctrl/divider2/syncN_reg[1]'
         to break a timing loop. (OPT-314)
Warning: Disabling timing arc between pins 'CP' and 'QN' on cell 'chip_core/clock_ctrl/divider2/syncN_reg[1]'
         to break a timing loop. (OPT-314)
Warning: Disabling timing arc between pins 'CP' and 'Q' on cell 'chip_core/clock_ctrl/divider2/syncN_reg[2]'
         to break a timing loop. (OPT-314)
Warning: Disabling timing arc between pins 'CP' and 'Q' on cell 'chip_core/clock_ctrl/divider2/syncN_reg[0]'
         to break a timing loop. (OPT-314)
 
****************************************
Report : qor
Design : vsdcaravel
Version: T-2022.03-SP5
Date   : Tue Dec 16 12:23:07 2025
****************************************


  Timing Path Group (none)
  -----------------------------------
  Levels of Logic:               1.00
  Critical Path Length:          0.00
  Critical Path Slack:         uninit
  Critical Path Clk Period:       n/a
  Total Negative Slack:          0.00
  No. of Violating Paths:        0.00
  Worst Hold Violation:          0.00
  Total Hold Violation:          0.00
  No. of Hold Violations:        0.00
  -----------------------------------


  Cell Count
  -----------------------------------
  Hierarchical Cell Count:       1435
  Hierarchical Port Count:      12688
  Leaf Cell Count:              25319
  Buf/Inv Cell Count:            3532
  Buf Cell Count:                 456
  Inv Cell Count:                3081
  CT Buf/Inv Cell Count:            0
  Combinational Cell Count:     18495
  Sequential Cell Count:         6824
  Macro Count:                      0
  -----------------------------------


  Area
  -----------------------------------
  Combinational Area:   341951.960055
  Noncombinational Area:
                        431036.399128
  Buf/Inv Area:          28798.119889
  Total Buffer Area:          7393.23
  Total Inverter Area:       21734.19
  Macro/Black Box Area:    100.320000
  Net Area:              32792.961579
  -----------------------------------
  Cell Area:            773088.679183
  Design Area:          805881.640762


  Design Rules
  -----------------------------------
  Total Number of Nets:         30074
  Nets With Violations:             0
  Max Trans Violations:             0
  Max Cap Violations:               0
  -----------------------------------


  Hostname: nanodc.iitgn.ac.in

  Compile CPU Statistics
  -----------------------------------------
  Resource Sharing:                    9.77
  Logic Optimization:                 10.96
  Mapping Optimization:                8.87
  -----------------------------------------
  Overall Compile Time:               33.72
  Overall Compile Wall Clock Time:    34.28

  --------------------------------------------------------------------

  Design  WNS: 0.00  TNS: 0.00  Number of Violating Paths: 0


  Design (Hold)  WNS: 0.00  TNS: 0.00  Number of Violating Paths: 0

  --------------------------------------------------------------------


1
